C51 COMPILER V9.57.0.0   DS18B20                                                           10/20/2020 17:22:56 PAGE 1   


C51 COMPILER V9.57.0.0, COMPILATION OF MODULE DS18B20
OBJECT MODULE PLACED IN .\Objects\DS18B20.obj
COMPILER INVOKED BY: C:\Keil_v5\C51\BIN\C51.EXE DS18B20.c COMPACT OPTIMIZE(9,SPEED) BROWSE DEBUG OBJECTEXTEND PRINT(.\Li
                    -stings\DS18B20.lst) TABS(2) OBJECT(.\Objects\DS18B20.obj)

line level    source

   1          #include <DS18B20.h>
   2          
   3          
   4          void delay_18B20(unsigned int i)//延时1微秒
   5          {
   6   1        while(i--);
   7   1      }
   8          
   9          void ds1820rst()    //ds1820复位
  10                              //DS18B20要求数据线拉低500US即可复位。
  11          {  
  12   1         unsigned char x=0;
  13   1         DQ = 1;          //DQ复位
  14   1         delay_18B20(4);  //延时
  15   1         DQ = 0;          //DQ拉低
  16   1         delay_18B20(100); //精确延时大于480us
  17   1         DQ = 1;          //拉高
  18   1         delay_18B20(40);  
  19   1      }  
  20            
  21          u8 ds1820rd()//读数据
  22          { 
  23   1         unsigned char i=0;
  24   1         unsigned char dat = 0;
  25   1         for (i=8;i>0;i--)
  26   1         {   DQ = 0; //给脉冲信号
  27   2            dat>>=1;
  28   2            DQ = 1; //给脉冲信号
  29   2            if(DQ)
  30   2            dat|=0x80;
  31   2            delay_18B20(10);
  32   2         }
  33   1        return(dat);
  34   1      }
  35          
  36          void ds1820wr(u8 wdata)//写数据
  37          {
  38   1          unsigned char i=0;
  39   1          for (i=8; i>0; i--)
  40   1         { DQ = 0;
  41   2           DQ = wdata&0x01;
  42   2           delay_18B20(10);
  43   2           DQ = 1;
  44   2           wdata>>=1;
  45   2         }
  46   1      }
  47            
  48           
  49          float Readtemp()//读取温度值并转换
  50          {
  51   1        u16 temp=0;//整型温度值
  52   1        float f_temp; //浮点型温度值   
  53   1        ds1820rst();   
  54   1       
C51 COMPILER V9.57.0.0   DS18B20                                                           10/20/2020 17:22:56 PAGE 2   

  55   1         ds1820wr(0xCC);//跳过ROM
  56   1         _nop_();
  57   1      
  58   1        ds1820wr(0x7f);//12 bits温度分辨率x1f, 0x3f, 0x5f ,0x7f温度读数分辨率分别对应0.5, 0.25, 0.125 ,0.0625 
  59   1      
  60   1         ds1820rst(); 
  61   1         ds1820wr(0xcc);//*跳过读序列号*/
  62   1         _nop_();
  63   1         ds1820wr(0x44);//*启动温度转换*/
  64   1      
  65   1         ds1820rst();  
  66   1         ds1820wr(0xcc);//*跳过读序列号*/ 
  67   1         ds1820wr(0xbe);//*读取温度*/ 
  68   1         
  69   1      
  70   1          temp = ds1820rd();     //温度低8位
  71   1        temp |= ds1820rd()<<8; //温度高8位
  72   1        
  73   1        //*******************解析温度数据
  74   1        if(temp&0xf800)//负数  
  75   1          temp=~temp+1;//补码=反码+1=原码取反+1
  76   1        
  77   1        f_temp =(temp&0xF)*0.0625;//小数部分
  78   1        f_temp =f_temp+((temp&0x07F0)>>4);//整数部分
  79   1         //////////////
  80   1      
  81   1        return(f_temp);
  82   1       
  83   1      }
  84          
  85          
  86          


MODULE INFORMATION:   STATIC OVERLAYABLE
   CODE SIZE        =    299    ----
   CONSTANT SIZE    =   ----    ----
   XDATA SIZE       =   ----    ----
   PDATA SIZE       =   ----       7
   DATA SIZE        =   ----    ----
   IDATA SIZE       =   ----    ----
   BIT SIZE         =   ----    ----
END OF MODULE INFORMATION.


C51 COMPILATION COMPLETE.  0 WARNING(S),  0 ERROR(S)
