C51 COMPILER V9.57.0.0   LCD                                                               10/20/2020 17:22:57 PAGE 1   


C51 COMPILER V9.57.0.0, COMPILATION OF MODULE LCD
OBJECT MODULE PLACED IN .\Objects\LCD.obj
COMPILER INVOKED BY: C:\Keil_v5\C51\BIN\C51.EXE LCD.c COMPACT OPTIMIZE(9,SPEED) BROWSE DEBUG OBJECTEXTEND PRINT(.\Listin
                    -gs\LCD.lst) TABS(2) OBJECT(.\Objects\LCD.obj)

line level    source

   1          #include <LCD.h>
   2          
   3          void delay_ms_LCD(u16 ms)               
   4          {
   5   1        u16 a,b;
   6   1        for(a=ms;a>0;a--)
   7   1          for(b=114;b>0;b--);
   8   1      }
   9          void write_com(u8 com)  //1602写命令子程序
  10          {
  11   1        LCD_RS=0;   //RS是数据命令选择短，高电平写数据，低电平写命令
  12   1        LCD_RW=0;   //RD是读写选择短，高电平读，低电平写
  13   1        LCD_EN=0; //1602选通端，高电平选通，低电平禁止
  14   1        LCDIO=com;
  15   1        delay_ms_LCD(5);
  16   1        LCD_EN=1;
  17   1        delay_ms_LCD(5);
  18   1        LCD_EN=0; 
  19   1      }
  20          
  21          
  22          
  23          void write_data(u8 wdata) //1602写数据子程序
  24          {
  25   1        LCD_RS=1; //RS是数据命令选择短，高电平写数据，低电平写命令
  26   1        LCD_RW=0; //RD是读写选择短，高电平读，低电平写
  27   1        LCD_EN=0; //1602选通端，高电平选通，低电平禁止
  28   1        LCDIO=wdata;
  29   1        delay_ms_LCD(5);
  30   1        LCD_EN=1;
  31   1        delay_ms_LCD(5);
  32   1        LCD_EN=0; 
  33   1      }
  34          
  35          
  36          
  37          void init_lcd()       //1602初始化程序
  38          {
  39   1        
  40   1        LCD_EN=0;
  41   1      
  42   1        write_com(0x38);  //0011 1000B，功能模式设置，设置为8为数据口，两行显示，5*7点阵
  43   1        write_com(0x0c);  //0000 1011B，显示开及光标设置，关显示，显示光标，光标闪烁
  44   1        write_com(0x06);  //0000 0110B，显示光标移动设置，读或写一个字符，地址指针减一且光标减一，写一个字符屏幕显
             -示不移动
  45   1        write_com(0x01);  //0000 0001B，显示清屏，数据指针和所有显示清屏
  46   1        write_com(0x80);  //1000 000B，关闭显示
  47   1        delay_ms_LCD(5);
  48   1        
  49   1      }
  50          
  51          
  52          
  53          void lcd_pos(unsigned char x,unsigned char y)//设置显示位置 x0~1  y0~
C51 COMPILER V9.57.0.0   LCD                                                               10/20/2020 17:22:57 PAGE 2   

  54          {
  55   1        unsigned char pos;
  56   1        if(x==0)
  57   1          x=0x80;
  58   1        else if(x==1)
  59   1          x=0xC0;
  60   1      
  61   1        pos=x+y;
  62   1        write_com(pos);
  63   1      }
  64          
  65          void lcd_display(unsigned char * p)
  66          {
  67   1        int i;
  68   1        i=0;
  69   1        while(p[i]!='\0')//循环显示
  70   1        {
  71   2          write_data(p[i]);
  72   2          i++;
  73   2        }
  74   1      }
  75          
  76          
  77          void lcd_interdisplay(unsigned char * p)
  78          {
  79   1        int i;
  80   1        i=0;
  81   1        while(p[i]!='\0')//循环显示
  82   1        {
  83   2          write_data(p[i]);
  84   2          i++;
  85   2        }
  86   1      }
  87          
  88          
  89          
  90          
  91          
  92          


MODULE INFORMATION:   STATIC OVERLAYABLE
   CODE SIZE        =    210    ----
   CONSTANT SIZE    =   ----    ----
   XDATA SIZE       =   ----    ----
   PDATA SIZE       =   ----      10
   DATA SIZE        =   ----    ----
   IDATA SIZE       =   ----    ----
   BIT SIZE         =   ----    ----
END OF MODULE INFORMATION.


C51 COMPILATION COMPLETE.  0 WARNING(S),  0 ERROR(S)
