C51 COMPILER V9.57.0.0   UART                                                              10/20/2020 17:22:58 PAGE 1   


C51 COMPILER V9.57.0.0, COMPILATION OF MODULE UART
OBJECT MODULE PLACED IN .\Objects\uart.obj
COMPILER INVOKED BY: C:\Keil_v5\C51\BIN\C51.EXE uart.c COMPACT OPTIMIZE(9,SPEED) BROWSE DEBUG OBJECTEXTEND PRINT(.\Listi
                    -ngs\uart.lst) TABS(2) OBJECT(.\Objects\uart.obj)

line level    source

   1          
   2          #include "uart.h"
   3          
   4          
   5          #define Uart1_Buf_Max 100               //串口数据缓存长度
   6          u8 xdata  Rec_Buf[Uart1_Buf_Max];  //串口数据缓存
   7          u8 point1 = 0;             //绶存指针
   8          
   9          void Uart_Init()                     
  10          { 
  11   1        SCON = 0X50;  //UART方式1；8位UART
  12   1        REN  = 1;     //不允许串行口接收数据
  13   1        PCON = 0x00;  //SMOD=0;波特率不加倍
  14   1        TMOD = 0x21;  //T1方式2，用于产生波特率
  15   1        TH1  = 0xFD;  //装初值
  16   1        TL1  = 0xFD;
  17   1        TR1  = 1;     //启动定时器1
  18   1        EA   = 1;     //打开全局中断控制
  19   1        ES   = 1;     //串行口中断  
  20   1      }
  21          
  22          
  23          /*----------------------------
  24          发送串口数据
  25          ----------------------------*/
  26          void SendData(unsigned char ch)
  27          {
  28   1          SBUF = ch;                 //写数据到UART数据寄存器
  29   1          while(TI == 0);
  30   1          TI = 0;
  31   1      }
  32          
  33          /*----------------------------
  34          发送字符串
  35          ----------------------------*/
  36          void SendString(char *s)
  37          {
  38   1          while (*s)                  //检测字符串结束标志
  39   1          {
  40   2              SendData(*s++);         //发送当前字符
  41   2          }
  42   1      }
  43          
  44          
  45          
  46          void CLR_Buf(void)                           // 串口缓存清理
  47          {
  48   1        memset(Rec_Buf, 0, Uart1_Buf_Max);      //清空
  49   1      
  50   1          point1 = 0;                    
  51   1      }
  52          
  53          void RECEIVE_DATA(void) interrupt 4 using 1         //串口中断        
  54          {    
C51 COMPILER V9.57.0.0   UART                                                              10/20/2020 17:22:58 PAGE 2   

  55   1        ES = 0;
  56   1        if (RI)
  57   1          {
  58   2              RI = 0;                                //清除RI位
  59   2          Rec_Buf[point1] = SBUF; 
  60   2      
  61   2            
  62   2          point1++;               
  63   2          if(point1>=Uart1_Buf_Max)          
  64   2          {
  65   3            point1 = 0;
  66   3          }           
  67   2      
  68   2          }
  69   1        ES =  1;
  70   1      
  71   1      }
  72          
  73          
  74          
  75          
  76          
  77          
  78          
  79          
  80          
  81          
  82          


MODULE INFORMATION:   STATIC OVERLAYABLE
   CODE SIZE        =    159    ----
   CONSTANT SIZE    =   ----    ----
   XDATA SIZE       =    100    ----
   PDATA SIZE       =      1       3
   DATA SIZE        =   ----    ----
   IDATA SIZE       =   ----    ----
   BIT SIZE         =   ----    ----
END OF MODULE INFORMATION.


C51 COMPILATION COMPLETE.  0 WARNING(S),  0 ERROR(S)
